2018-07-02T06:03:41.626Z - normal: Load ~/.CocosCreator/settings.json
2018-07-02T06:03:41.631Z - normal: checking language setting...
2018-07-02T06:03:41.631Z - normal: Language: zh
2018-07-02T06:03:43.797Z - success: protocol editor-framework registered
2018-07-02T06:03:43.798Z - success: protocol app registered
2018-07-02T06:03:43.799Z - success: protocol theme registered
2018-07-02T06:03:43.799Z - success: protocol packages registered
2018-07-02T06:03:43.801Z - success: protocol unpack registerred
2018-07-02T06:03:43.801Z - success: protocol disable-commonjs registerred
2018-07-02T06:03:43.991Z - normal: connected!
2018-07-02T06:03:43.994Z - normal: Check project D:\game-demo\aircraft_1.0
2018-07-02T06:03:43.996Z - normal: Initializing Cocos2d
2018-07-02T06:03:44.321Z - normal: Initializing Asset Database
2018-07-02T06:03:44.376Z - success: protocol uuid registerred
2018-07-02T06:03:44.376Z - success: protocol db registerred
2018-07-02T06:03:44.376Z - success: protocol thumbnail registerred
2018-07-02T06:03:44.377Z - normal: Loading editor/builtin packages
2018-07-02T06:03:44.412Z - success: anysdk loaded
2018-07-02T06:03:44.556Z - success: assets loaded
2018-07-02T06:03:44.559Z - success: builder loaded
2018-07-02T06:03:44.563Z - success: cocos-analytics loaded
2018-07-02T06:03:44.567Z - success: console loaded
2018-07-02T06:03:44.627Z - success: fb-instant-games loaded
2018-07-02T06:03:44.631Z - success: hierarchy loaded
2018-07-02T06:03:44.634Z - success: inspector loaded
2018-07-02T06:03:44.636Z - success: keystore loaded
2018-07-02T06:03:44.639Z - success: node-library loaded
2018-07-02T06:03:44.642Z - success: package-asset loaded
2018-07-02T06:03:44.644Z - success: preferences loaded
2018-07-02T06:03:44.646Z - success: project-exporter loaded
2018-07-02T06:03:44.666Z - success: project-importer loaded
2018-07-02T06:03:44.669Z - success: project-settings loaded
2018-07-02T06:03:44.672Z - success: ui-kit loaded
2018-07-02T06:03:44.676Z - success: ui-grid loaded
2018-07-02T06:03:44.682Z - success: scene loaded
2018-07-02T06:03:44.684Z - success: sprite-editor loaded
2018-07-02T06:03:44.689Z - success: store loaded
2018-07-02T06:03:44.696Z - success: timeline loaded
2018-07-02T06:03:44.697Z - normal: Loading builtin packages
2018-07-02T06:03:44.701Z - success: asset-db-debugger loaded
2018-07-02T06:03:44.707Z - success: code-editor loaded
2018-07-02T06:03:44.710Z - success: color-picker loaded
2018-07-02T06:03:44.720Z - success: package-manager loaded
2018-07-02T06:03:44.736Z - success: sdkbox loaded
2018-07-02T06:03:44.740Z - success: tester loaded
2018-07-02T06:03:44.743Z - success: ui-kit-preview-extra loaded
2018-07-02T06:03:44.745Z - success: ui-kit-preview loaded
2018-07-02T06:03:44.747Z - success: ui-tree loaded
2018-07-02T06:03:46.167Z - normal: Initializing project D:\game-demo\aircraft_1.0
2018-07-02T06:03:46.181Z - normal: Loading packages
2018-07-02T06:03:46.186Z - normal: Watching packages
2018-07-02T06:03:46.200Z - normal: Run Application
2018-07-02T06:03:47.570Z - success: preview server running at http://localhost:7456
2018-07-02T06:03:57.499Z - normal: 1.9.1
2018-07-02T06:10:20.908Z - normal: Introduced global variable while editing: i
2018-07-02T06:10:20.911Z - normal: Introduced global variable while editing: l
2018-07-02T06:13:23.826Z - normal: Introduced global variable while editing: i
2018-07-02T06:13:23.828Z - normal: Introduced global variable while editing: l
2018-07-02T06:14:12.237Z - normal: Start building with options : {
  "androidStudio": true,
  "apiLevel": "",
  "appABIs": [],
  "appKey": "",
  "appSecret": "",
  "buildPath": "D:\\game-demo\\aircraft_1.0\\build",
  "debug": false,
  "dest": "D:\\game-demo\\aircraft_1.0\\build\\wechatgame",
  "encryptJs": true,
  "excludeScenes": [],
  "excludedModules": [],
  "fb-instant-games": {},
  "includeAnySDK": false,
  "includeEruda": false,
  "includeSDKBox": false,
  "inlineSpriteFrames": true,
  "inlineSpriteFrames_native": true,
  "jailbreakPlatform": false,
  "md5Cache": false,
  "mergeStartScene": false,
  "oauthLoginServer": "",
  "optimizeHotUpdate": false,
  "orientation": {
    "landscapeLeft": true,
    "landscapeRight": true,
    "portrait": false,
    "upsideDown": false
  },
  "packageName": "org.cocos2d.helloworld",
  "platform": "wechatgame",
  "previewHeight": "720",
  "previewWidth": "1280",
  "privateKey": "",
  "qqplay": {
    "REMOTE_SERVER_ROOT": "",
    "orientation": "portrait"
  },
  "renderMode": "0",
  "scenes": [
    "26a89fa7-378e-4cda-907e-8554d057f15d",
    "58c8b6f0-efc8-4441-9182-294eb32034c1",
    "c17fcbdd-1bf0-4fc1-88ba-c8e6ac30689d"
  ],
  "sourceMaps": false,
  "startScene": "26a89fa7-378e-4cda-907e-8554d057f15d",
  "template": "link",
  "title": "aircraft_1",
  "useDebugKeystore": true,
  "vsVersion": "auto",
  "webOrientation": "auto",
  "wechatgame": {
    "REMOTE_SERVER_ROOT": "",
    "appid": "wxecab160fb5830d32",
    "isSubdomain": false,
    "orientation": "portrait",
    "subContext": ""
  },
  "xxteaKey": "c7173a2e-7325-45",
  "zipCompressJs": true,
  "project": "D:\\game-demo\\aircraft_1.0",
  "projectName": "aircraft_1",
  "debugBuildWorker": false
}
2018-07-02T06:14:12.248Z - normal: Building D:\game-demo\aircraft_1.0
2018-07-02T06:14:12.248Z - normal: Destination D:\game-demo\aircraft_1.0\build\wechatgame
2018-07-02T06:14:12.646Z - normal: Delete D:\game-demo\aircraft_1.0\build\wechatgame\**\*
2018-07-02T06:14:16.461Z - normal: Compiled project javascript file successfully
2018-07-02T06:14:16.462Z - normal: Start building assets
2018-07-02T06:14:16.462Z - normal: Start spawn build-worker
2018-07-02T06:14:17.726Z - normal: Finish spawn build-worker
2018-07-02T06:14:17.727Z - normal: Start init build-worker
2018-07-02T06:14:20.590Z - normal: 1.9.1
2018-07-02T06:14:20.698Z - normal: Finish init build-worker
2018-07-02T06:14:20.698Z - normal: Start build-assets in worker
2018-07-02T06:14:21.345Z - normal: Finish build-assets in worker
2018-07-02T06:14:21.357Z - normal: Finish building assets
2018-07-02T06:14:21.373Z - normal: Start building raw assets
2018-07-02T06:14:21.374Z - normal: Start building plugin scripts
2018-07-02T06:14:21.424Z - normal: Finish building raw assets
2018-07-02T06:14:21.432Z - normal: Generating main.js from D:\CocosCreator\resources\static\build-templates\shares\main.js
2018-07-02T06:14:21.793Z - normal: Built to "D:\game-demo\aircraft_1.0\build\wechatgame" successfully
2018-07-02T06:14:52.509Z - warn: 找不到微信开发程序版本信息路径 [D:\App-test\微信web开发者工具\package.nw\package.json]。
2018-07-02T06:14:52.510Z - warn: 微信开发程序版本过低，不能享用所有功能，请尽快升级。
2018-07-02T06:14:53.305Z - normal: Initializing...

2018-07-02T06:14:53.317Z - normal: idePortFile: C:\Users\Administrator\AppData\Local\微信web开发者工具\User Data\Default\.ide

2018-07-02T06:14:54.340Z - normal: starting ide...

2018-07-02T06:14:58.064Z - normal: IDE server has started, listening on http://127.0.0.1:19522

2018-07-02T06:14:58.069Z - normal: initialization finished

2018-07-02T06:14:58.804Z - normal: open IDE success

