2018-07-09T03:36:47.156Z - normal: Load ~/.CocosCreator/settings.json
2018-07-09T03:36:47.161Z - normal: checking language setting...
2018-07-09T03:36:47.162Z - normal: Language: zh
2018-07-09T03:36:49.242Z - success: protocol editor-framework registered
2018-07-09T03:36:49.242Z - success: protocol app registered
2018-07-09T03:36:49.242Z - success: protocol theme registered
2018-07-09T03:36:49.243Z - success: protocol packages registered
2018-07-09T03:36:49.243Z - success: protocol unpack registerred
2018-07-09T03:36:49.243Z - success: protocol disable-commonjs registerred
2018-07-09T03:36:52.242Z - normal: failed to connect login server due to request timeout
2018-07-09T03:36:52.246Z - normal: Check project D:\game-demo\my-game\shooting_3.0
2018-07-09T03:36:52.251Z - normal: Initializing Cocos2d
2018-07-09T03:36:52.508Z - normal: Initializing Asset Database
2018-07-09T03:36:52.552Z - success: protocol uuid registerred
2018-07-09T03:36:52.553Z - success: protocol db registerred
2018-07-09T03:36:52.553Z - success: protocol thumbnail registerred
2018-07-09T03:36:52.553Z - normal: Loading editor/builtin packages
2018-07-09T03:36:52.577Z - success: anysdk loaded
2018-07-09T03:36:52.719Z - success: assets loaded
2018-07-09T03:36:52.721Z - success: builder loaded
2018-07-09T03:36:52.723Z - success: cocos-analytics loaded
2018-07-09T03:36:52.727Z - success: console loaded
2018-07-09T03:36:52.780Z - success: fb-instant-games loaded
2018-07-09T03:36:52.783Z - success: hierarchy loaded
2018-07-09T03:36:52.786Z - success: inspector loaded
2018-07-09T03:36:52.788Z - success: keystore loaded
2018-07-09T03:36:52.791Z - success: node-library loaded
2018-07-09T03:36:52.793Z - success: package-asset loaded
2018-07-09T03:36:52.795Z - success: preferences loaded
2018-07-09T03:36:52.796Z - success: project-exporter loaded
2018-07-09T03:36:52.812Z - success: project-importer loaded
2018-07-09T03:36:52.813Z - success: project-settings loaded
2018-07-09T03:36:52.815Z - success: ui-kit loaded
2018-07-09T03:36:52.816Z - success: ui-grid loaded
2018-07-09T03:36:52.819Z - success: scene loaded
2018-07-09T03:36:52.820Z - success: sprite-editor loaded
2018-07-09T03:36:52.823Z - success: store loaded
2018-07-09T03:36:52.827Z - success: timeline loaded
2018-07-09T03:36:52.828Z - normal: Loading builtin packages
2018-07-09T03:36:52.830Z - success: asset-db-debugger loaded
2018-07-09T03:36:52.832Z - success: code-editor loaded
2018-07-09T03:36:52.833Z - success: color-picker loaded
2018-07-09T03:36:52.835Z - success: package-manager loaded
2018-07-09T03:36:52.841Z - success: sdkbox loaded
2018-07-09T03:36:52.843Z - success: tester loaded
2018-07-09T03:36:52.845Z - success: ui-kit-preview-extra loaded
2018-07-09T03:36:52.847Z - success: ui-kit-preview loaded
2018-07-09T03:36:52.848Z - success: ui-tree loaded
2018-07-09T03:36:54.145Z - normal: Initializing project D:\game-demo\my-game\shooting_3.0
2018-07-09T03:36:54.158Z - normal: Loading packages
2018-07-09T03:36:54.163Z - normal: Watching packages
2018-07-09T03:36:54.177Z - normal: Run Application
2018-07-09T03:36:55.729Z - success: preview server running at http://localhost:7456
2018-07-09T03:37:00.365Z - error: { Error: getaddrinfo ENOTFOUND creator-api.cocos.com creator-api.cocos.com:443
    at errnoException (dns.js:28:10)
    at GetAddrInfoReqWrap.onlookup [as oncomplete] (dns.js:73:26)
  code: 'ENOTFOUND',
  errno: 'ENOTFOUND',
  syscall: 'getaddrinfo',
  hostname: 'creator-api.cocos.com',
  host: 'creator-api.cocos.com',
  port: 443 }
    at D:\CocosCreator\resources\app.asar\share\login\lib\user.js:1:1441
    at ClientRequest.Https.request.on.e (D:\CocosCreator\resources\app.asar\share\login\lib\network.js:1:873)
    at emitOne (events.js:96:13)
    at ClientRequest.emit (events.js:191:7)
    at TLSSocket.socketErrorListener (_http_client.js:358:9)
    at emitOne (events.js:96:13)
    at TLSSocket.emit (events.js:191:7)
    at connectErrorNT (net.js:1032:8)
    at _combinedTickCallback (internal/process/next_tick.js:80:11)
2018-07-09T03:37:01.328Z - normal: 1.9.1
2018-07-09T04:13:38.856Z - normal: Start building with options : {
  "androidStudio": true,
  "apiLevel": "",
  "appABIs": [],
  "appKey": "",
  "appSecret": "",
  "buildPath": "D:\\game-demo\\my-game\\shooting_3.0\\build",
  "debug": false,
  "dest": "D:\\game-demo\\my-game\\shooting_3.0\\build\\web-mobile",
  "encryptJs": true,
  "excludeScenes": [],
  "excludedModules": [],
  "fb-instant-games": {},
  "includeAnySDK": false,
  "includeEruda": false,
  "includeSDKBox": false,
  "inlineSpriteFrames": true,
  "inlineSpriteFrames_native": true,
  "jailbreakPlatform": false,
  "md5Cache": false,
  "mergeStartScene": false,
  "oauthLoginServer": "",
  "optimizeHotUpdate": false,
  "orientation": {
    "landscapeLeft": true,
    "landscapeRight": true,
    "portrait": false,
    "upsideDown": false
  },
  "packageName": "org.cocos2d.helloworld",
  "platform": "web-mobile",
  "previewHeight": "720",
  "previewWidth": "1280",
  "privateKey": "",
  "qqplay": {
    "REMOTE_SERVER_ROOT": "",
    "orientation": "portrait"
  },
  "renderMode": "0",
  "scenes": [
    "26a89fa7-378e-4cda-907e-8554d057f15d",
    "58c8b6f0-efc8-4441-9182-294eb32034c1",
    "c17fcbdd-1bf0-4fc1-88ba-c8e6ac30689d"
  ],
  "sourceMaps": false,
  "startScene": "26a89fa7-378e-4cda-907e-8554d057f15d",
  "template": "link",
  "title": "shooting",
  "useDebugKeystore": true,
  "vsVersion": "auto",
  "webOrientation": "auto",
  "wechatgame": {
    "REMOTE_SERVER_ROOT": "",
    "appid": "wxecab160fb5830d32",
    "isSubdomain": false,
    "orientation": "portrait",
    "subContext": ""
  },
  "xxteaKey": "c7173a2e-7325-45",
  "zipCompressJs": true,
  "project": "D:\\game-demo\\my-game\\shooting_3.0",
  "projectName": "shooting",
  "debugBuildWorker": false
}
2018-07-09T04:13:38.870Z - normal: Building D:\game-demo\my-game\shooting_3.0
2018-07-09T04:13:38.870Z - normal: Destination D:\game-demo\my-game\shooting_3.0\build\web-mobile
2018-07-09T04:13:39.191Z - normal: Delete D:\game-demo\my-game\shooting_3.0\build\web-mobile\**\*
2018-07-09T04:13:42.258Z - normal: Compiled project javascript file successfully
2018-07-09T04:13:42.259Z - normal: Start building assets
2018-07-09T04:13:42.259Z - normal: Start spawn build-worker
2018-07-09T04:13:43.161Z - normal: Finish spawn build-worker
2018-07-09T04:13:43.161Z - normal: Start init build-worker
2018-07-09T04:13:45.581Z - normal: 1.9.1
2018-07-09T04:13:45.665Z - normal: Finish init build-worker
2018-07-09T04:13:45.666Z - normal: Start build-assets in worker
2018-07-09T04:13:46.045Z - warn: Can not find particle texture in D:\game-demo\my-game\shooting_3.0\assets\prefab\defaultTexture.png, plist: D:\game-demo\my-game\shooting_3.0\assets\prefab\squareParticle.plist
2018-07-09T04:13:46.397Z - normal: Finish build-assets in worker
2018-07-09T04:13:46.423Z - normal: Finish building assets
2018-07-09T04:13:46.441Z - normal: Start building raw assets
2018-07-09T04:13:46.443Z - normal: Start building plugin scripts
2018-07-09T04:13:46.526Z - normal: Finish building raw assets
2018-07-09T04:13:46.545Z - normal: Generating main.js from D:\CocosCreator\resources\static\build-templates\shares\main.js
2018-07-09T04:13:46.564Z - normal: Generating html from D:\CocosCreator\resources\static\build-templates\web-mobile\template\index.html
2018-07-09T04:13:46.615Z - normal: Built to "D:\game-demo\my-game\shooting_3.0\build\web-mobile" successfully
2018-07-09T04:14:56.569Z - info: shutdown preview server
